2026-03-11T12:08:08.145+03:00  INFO 16036 --- [user-service] [main] c.k.t.UserServiceApplication             : Starting UserServiceApplication using Java 17.0.16 with PID 16036 (/home/ba/IdeaProjects/tour-user-service/target/classes started by ba in /home/ba/IdeaProjects/tour-user-service)
2026-03-11T12:08:08.149+03:00  INFO 16036 --- [user-service] [main] c.k.t.UserServiceApplication             : No active profile set, falling back to 1 default profile: "default"
2026-03-11T12:08:08.813+03:00  INFO 16036 --- [user-service] [main] .s.d.r.c.RepositoryConfigurationDelegate : Bootstrapping Spring Data JPA repositories in DEFAULT mode.
2026-03-11T12:08:08.853+03:00  INFO 16036 --- [user-service] [main] .s.d.r.c.RepositoryConfigurationDelegate : Finished Spring Data repository scanning in 31 ms. Found 1 JPA repository interface.
2026-03-11T12:08:09.273+03:00  INFO 16036 --- [user-service] [main] o.s.boot.tomcat.TomcatWebServer          : Tomcat initialized with port 9193 (http)
2026-03-11T12:08:09.283+03:00  INFO 16036 --- [user-service] [main] o.apache.catalina.core.StandardService   : Starting service [Tomcat]
2026-03-11T12:08:09.284+03:00  INFO 16036 --- [user-service] [main] o.apache.catalina.core.StandardEngine    : Starting Servlet engine: [Apache Tomcat/11.0.18]
2026-03-11T12:08:09.319+03:00  INFO 16036 --- [user-service] [main] b.w.c.s.WebApplicationContextInitializer : Root WebApplicationContext: initialization completed in 1120 ms
2026-03-11T12:08:09.515+03:00  INFO 16036 --- [user-service] [main] com.zaxxer.hikari.HikariDataSource       : HikariPool-1 - Starting...
2026-03-11T12:08:09.822+03:00  INFO 16036 --- [user-service] [main] com.zaxxer.hikari.pool.HikariPool        : HikariPool-1 - Added connection com.mysql.cj.jdbc.ConnectionImpl@7b95bdb0
2026-03-11T12:08:09.824+03:00  INFO 16036 --- [user-service] [main] com.zaxxer.hikari.HikariDataSource       : HikariPool-1 - Start completed.
2026-03-11T12:08:09.849+03:00  INFO 16036 --- [user-service] [main] org.hibernate.orm.jpa                    : HHH008540: Processing PersistenceUnitInfo [name: default]
2026-03-11T12:08:09.907+03:00  INFO 16036 --- [user-service] [main] org.hibernate.orm.core                   : HHH000001: Hibernate ORM core version 7.2.4.Final
2026-03-11T12:08:10.398+03:00  INFO 16036 --- [user-service] [main] o.s.o.j.p.SpringPersistenceUnitInfo      : No LoadTimeWeaver setup: ignoring JPA class transformer
2026-03-11T12:08:10.500+03:00  INFO 16036 --- [user-service] [main] org.hibernate.orm.connections.pooling    : HHH10001005: Database info:
	Database JDBC URL [jdbc:mysql://localhost:3306/kendirita]
	Database driver: MySQL Connector/J
	Database dialect: MySQLDialect
	Database version: 8.0.45
	Default catalog/schema: kendirita/undefined
	Autocommit mode: undefined/unknown
	Isolation level: REPEATABLE_READ [default REPEATABLE_READ]
	JDBC fetch size: none
	Pool: DataSourceConnectionProvider
	Minimum pool size: undefined/unknown
	Maximum pool size: undefined/unknown
2026-03-11T12:08:11.233+03:00  INFO 16036 --- [user-service] [main] org.hibernate.orm.core                   : HHH000489: No JTA platform available (set 'hibernate.transaction.jta.platform' to enable JTA platform integration)
2026-03-11T12:08:11.239+03:00  INFO 16036 --- [user-service] [main] j.LocalContainerEntityManagerFactoryBean : Initialized JPA EntityManagerFactory for persistence unit 'default'
2026-03-11T12:08:11.306+03:00  INFO 16036 --- [user-service] [main] o.s.d.j.r.query.QueryEnhancerFactories   : Hibernate is in classpath; If applicable, HQL parser will be used.
2026-03-11T12:08:11.539+03:00  WARN 16036 --- [user-service] [main] JpaBaseConfiguration$JpaWebConfiguration : spring.jpa.open-in-view is enabled by default. Therefore, database queries may be performed during view rendering. Explicitly configure spring.jpa.open-in-view to disable this warning
2026-03-11T12:08:11.882+03:00  INFO 16036 --- [user-service] [main] o.s.b.a.e.web.EndpointLinksResolver      : Exposing 1 endpoint beneath base path '/actuator'
2026-03-11T12:08:11.941+03:00  INFO 16036 --- [user-service] [main] o.s.boot.tomcat.TomcatWebServer          : Tomcat started on port 9193 (http) with context path '/'
2026-03-11T12:08:11.948+03:00  INFO 16036 --- [user-service] [main] c.k.t.UserServiceApplication             : Started UserServiceApplication in 4.251 seconds (process running for 4.64)
2026-03-11T12:08:18.881+03:00  INFO 16036 --- [user-service] [http-nio-9193-exec-1] o.a.c.c.C.[Tomcat].[localhost].[/]       : Initializing Spring DispatcherServlet 'dispatcherServlet'
2026-03-11T12:08:18.882+03:00  INFO 16036 --- [user-service] [http-nio-9193-exec-1] o.s.web.servlet.DispatcherServlet        : Initializing Servlet 'dispatcherServlet'
2026-03-11T12:08:18.883+03:00  INFO 16036 --- [user-service] [http-nio-9193-exec-1] o.s.web.servlet.DispatcherServlet        : Completed initialization in 1 ms
2026-03-11T12:10:27.024+03:00  INFO 16036 --- [user-service] [SpringApplicationShutdownHook] o.s.boot.tomcat.GracefulShutdown         : Commencing graceful shutdown. Waiting for active requests to complete
2026-03-11T12:10:27.026+03:00  INFO 16036 --- [user-service] [tomcat-shutdown] o.s.boot.tomcat.GracefulShutdown         : Graceful shutdown complete
2026-03-11T12:10:27.030+03:00  INFO 16036 --- [user-service] [SpringApplicationShutdownHook] j.LocalContainerEntityManagerFactoryBean : Closing JPA EntityManagerFactory for persistence unit 'default'
2026-03-11T12:10:27.031+03:00  INFO 16036 --- [user-service] [SpringApplicationShutdownHook] com.zaxxer.hikari.HikariDataSource       : HikariPool-1 - Shutdown initiated...
2026-03-11T12:10:27.037+03:00  INFO 16036 --- [user-service] [SpringApplicationShutdownHook] com.zaxxer.hikari.HikariDataSource       : HikariPool-1 - Shutdown completed.
2026-03-11T12:10:36.418+03:00  INFO 16777 --- [user-service] [main] c.k.t.UserServiceApplication             : Starting UserServiceApplication using Java 17.0.16 with PID 16777 (/home/ba/IdeaProjects/tour-user-service/target/classes started by ba in /home/ba/IdeaProjects/tour-user-service)
2026-03-11T12:10:36.425+03:00  INFO 16777 --- [user-service] [main] c.k.t.UserServiceApplication             : No active profile set, falling back to 1 default profile: "default"
2026-03-11T12:10:37.046+03:00  INFO 16777 --- [user-service] [main] .s.d.r.c.RepositoryConfigurationDelegate : Bootstrapping Spring Data JPA repositories in DEFAULT mode.
2026-03-11T12:10:37.085+03:00  INFO 16777 --- [user-service] [main] .s.d.r.c.RepositoryConfigurationDelegate : Finished Spring Data repository scanning in 31 ms. Found 1 JPA repository interface.
2026-03-11T12:10:37.501+03:00  INFO 16777 --- [user-service] [main] o.s.boot.tomcat.TomcatWebServer          : Tomcat initialized with port 9193 (http)
2026-03-11T12:10:37.511+03:00  INFO 16777 --- [user-service] [main] o.apache.catalina.core.StandardService   : Starting service [Tomcat]
2026-03-11T12:10:37.511+03:00  INFO 16777 --- [user-service] [main] o.apache.catalina.core.StandardEngine    : Starting Servlet engine: [Apache Tomcat/11.0.18]
2026-03-11T12:10:37.544+03:00  INFO 16777 --- [user-service] [main] b.w.c.s.WebApplicationContextInitializer : Root WebApplicationContext: initialization completed in 1076 ms
2026-03-11T12:10:37.741+03:00  INFO 16777 --- [user-service] [main] com.zaxxer.hikari.HikariDataSource       : HikariPool-1 - Starting...
2026-03-11T12:10:38.008+03:00  INFO 16777 --- [user-service] [main] com.zaxxer.hikari.pool.HikariPool        : HikariPool-1 - Added connection com.mysql.cj.jdbc.ConnectionImpl@60807fd9
2026-03-11T12:10:38.009+03:00  INFO 16777 --- [user-service] [main] com.zaxxer.hikari.HikariDataSource       : HikariPool-1 - Start completed.
2026-03-11T12:10:38.029+03:00  INFO 16777 --- [user-service] [main] org.hibernate.orm.jpa                    : HHH008540: Processing PersistenceUnitInfo [name: default]
2026-03-11T12:10:38.067+03:00  INFO 16777 --- [user-service] [main] org.hibernate.orm.core                   : HHH000001: Hibernate ORM core version 7.2.4.Final
2026-03-11T12:10:38.424+03:00  INFO 16777 --- [user-service] [main] o.s.o.j.p.SpringPersistenceUnitInfo      : No LoadTimeWeaver setup: ignoring JPA class transformer
2026-03-11T12:10:38.521+03:00  INFO 16777 --- [user-service] [main] org.hibernate.orm.connections.pooling    : HHH10001005: Database info:
	Database JDBC URL [jdbc:mysql://localhost:3306/kendirita]
	Database driver: MySQL Connector/J
	Database dialect: MySQLDialect
	Database version: 8.0.45
	Default catalog/schema: kendirita/undefined
	Autocommit mode: undefined/unknown
	Isolation level: REPEATABLE_READ [default REPEATABLE_READ]
	JDBC fetch size: none
	Pool: DataSourceConnectionProvider
	Minimum pool size: undefined/unknown
	Maximum pool size: undefined/unknown
2026-03-11T12:10:39.228+03:00  INFO 16777 --- [user-service] [main] org.hibernate.orm.core                   : HHH000489: No JTA platform available (set 'hibernate.transaction.jta.platform' to enable JTA platform integration)
2026-03-11T12:10:39.234+03:00  INFO 16777 --- [user-service] [main] j.LocalContainerEntityManagerFactoryBean : Initialized JPA EntityManagerFactory for persistence unit 'default'
2026-03-11T12:10:39.295+03:00  INFO 16777 --- [user-service] [main] o.s.d.j.r.query.QueryEnhancerFactories   : Hibernate is in classpath; If applicable, HQL parser will be used.
2026-03-11T12:10:39.533+03:00  WARN 16777 --- [user-service] [main] JpaBaseConfiguration$JpaWebConfiguration : spring.jpa.open-in-view is enabled by default. Therefore, database queries may be performed during view rendering. Explicitly configure spring.jpa.open-in-view to disable this warning
2026-03-11T12:10:39.866+03:00  INFO 16777 --- [user-service] [main] o.s.b.a.e.web.EndpointLinksResolver      : Exposing 1 endpoint beneath base path '/actuator'
2026-03-11T12:10:39.926+03:00  INFO 16777 --- [user-service] [main] o.s.boot.tomcat.TomcatWebServer          : Tomcat started on port 9193 (http) with context path '/'
2026-03-11T12:10:39.934+03:00  INFO 16777 --- [user-service] [main] c.k.t.UserServiceApplication             : Started UserServiceApplication in 3.965 seconds (process running for 4.299)
2026-03-11T12:10:45.376+03:00  INFO 16777 --- [user-service] [http-nio-9193-exec-1] o.a.c.c.C.[Tomcat].[localhost].[/]       : Initializing Spring DispatcherServlet 'dispatcherServlet'
2026-03-11T12:10:45.376+03:00  INFO 16777 --- [user-service] [http-nio-9193-exec-1] o.s.web.servlet.DispatcherServlet        : Initializing Servlet 'dispatcherServlet'
2026-03-11T12:10:45.378+03:00  INFO 16777 --- [user-service] [http-nio-9193-exec-1] o.s.web.servlet.DispatcherServlet        : Completed initialization in 2 ms
2026-03-11T12:10:45.704+03:00  INFO 16777 --- [user-service] [http-nio-9193-exec-1] c.k.t.logging.LoggingFilter              : REQUEST::|logId=36a69cbe-8c81-4997-9605-1257025dafa5 |Method=GET |RequestURI=/v2/tour/users |User-Agent=PostmanRuntime/7.49.1 |OS=Unknown, More-Info: PostmanRuntime/7.49.1 |RequestBody= |ResponseCode=200 |ResponseBody={"data":[{"createdAt":"2026-01-30T11:55:16.000Z","email":"Mark123@example.com","fullName":"Mark23 Mark23","id":"04e87fc1-1207-40f5-9574-4d632819c762","profile":{"avatarUrl":"https://example.com/avatars/jared.png","id":"f4488c61-1ac2-40a8-aa2c-86581f4b417f","phone":"+254700123456"},"updatedAt":"2026-01-30T11:55:16.000Z","userRole":{"role":"ADMIN"}},{"createdAt":"2026-01-30T09:04:50.000Z","email":"jared@example.com","fullName":"Jared Too","id":"27724add-6836-4c09-b222-3b215117277d","profile":{"avatarUrl":"https://example.com/avatars/jared.png","id":"bf2e8534-95fc-49f1-b8ee-92cca704f1c1","phone":"+254700123456"},"updatedAt":"2026-01-30T09:04:50.000Z","userRole":{"role":"STAFF"}},{"createdAt":"2026-01-26T06:57:19.000Z","email":"homer@mail.com","fullName":"Homer J Simpson","id":"3a7a9afd-7165-428d-801e-2bb54a3c20d1","profile":null,"updatedAt":"2026-01-29T19:14:22.000Z","userRole":null},{"createdAt":"2026-01-30T11:54:50.000Z","email":"Mark12@example.com","fullName":"Mark2 Mark2","id":"50e48ffb-367a-4baf-8e72-243fa3a4bd3b","profile":{"avatarUrl":"https://example.com/avatars/jared.png","id":"79fdaa22-e9a5-49c0-91ee-e337c20f2a81","phone":"+254700123456"},"updatedAt":"2026-01-30T11:54:50.000Z","userRole":null},{"createdAt":"2026-01-29T18:15:36.000Z","email":"Jona.doe@example.com","fullName":"Jona Doe","id":"b7bcb364-f693-4d2e-a0da-909e1f267f39","profile":{"avatarUrl":"https://example.com/avatars/jane.png","id":"eb897875-f1cd-4305-b510-872145f9b300","phone":"+254700123456"},"updatedAt":"2026-01-29T18:15:36.000Z","userRole":null},{"createdAt":"2026-01-29T18:45:24.000Z","email":"marydoe@example.com","fullName":"Mary James Doe","id":"ba206780-846e-40c4-8736-2f76ffb57a3f","profile":{"avatarUrl":"https://example.com/avatars/homer.png","id":"7afdbae5-6290-4467-90f0-3f217b6a47b1","phone":"+254700123456"},"updatedAt":"2026-01-29T19:13:14.000Z","userRole":null},{"createdAt":"2026-01-27T08:56:58.000Z","email":"jdoe@mail.com","fullName":"John Doe","id":"cd12f06a-5ba8-4820-be08-21de5e0f44c0","profile":null,"updatedAt":"2026-01-27T08:56:58.000Z","userRole":null},{"createdAt":"2026-01-29T18:13:22.000Z","email":"nana.doe@example.com","fullName":"Nana Doe","id":"d06af2a9-3a9a-4753-afc6-d5448bd0cdbf","profile":{"avatarUrl":"https://example.com/avatars/jane.png","id":"1588d70d-d0a2-43f6-9bf9-7fe1ec260983","phone":"+254700123456"},"updatedAt":"2026-01-29T18:13:22.000Z","userRole":null},{"createdAt":"2026-01-30T11:38:24.000Z","email":"Johny.English@example.com","fullName":"Johny.English","id":"eed918e3-e9ee-49c3-a03d-753409900002","profile":{"avatarUrl":"https://example.com/avatars/jared.png","id":"da0973dd-0c15-4b11-b072-7bd4a6dacd11","phone":"+254700123456"},"updatedAt":"2026-01-30T11:38:24.000Z","userRole":{"role":"ADMIN"}},{"createdAt":"2026-01-29T18:08:13.000Z","email":"jane.doe@example.com","fullName":"Jane Doe","id":"f6e5b2d2-14f2-433d-8a88-e2b2a970b64a","profile":{"avatarUrl":"https://example.com/avatars/jane.png","id":"5273ea09-89db-4a36-9283-65799f4dd1ab","phone":"+254700123456"},"updatedAt":"2026-01-29T18:08:13.000Z","userRole":null}],"message":"Users found","responseId":"3ec8f042-6bdc-448e-ae4c-5c3e90870081","status":200,"timestamp":"11-03-2026 12:10:45"} |TimeTaken(ms)=292 |SourceIP=0:0:0:0:0:0:0:1 |RemotePort=48994 |ServerName=localhost |RemoteHost=0:0:0:0:0:0:0:1
2026-03-11T12:10:47.267+03:00  INFO 16777 --- [user-service] [http-nio-9193-exec-3] c.k.t.logging.LoggingFilter              : REQUEST::|logId=255db972-77f1-4d78-bfc4-2310b3db522e |Method=GET |RequestURI=/v2/tour/users |User-Agent=PostmanRuntime/7.49.1 |OS=Unknown, More-Info: PostmanRuntime/7.49.1 |RequestBody= |ResponseCode=200 |ResponseBody={"data":[{"createdAt":"2026-01-30T11:55:16.000Z","email":"Mark123@example.com","fullName":"Mark23 Mark23","id":"04e87fc1-1207-40f5-9574-4d632819c762","profile":{"avatarUrl":"https://example.com/avatars/jared.png","id":"f4488c61-1ac2-40a8-aa2c-86581f4b417f","phone":"+254700123456"},"updatedAt":"2026-01-30T11:55:16.000Z","userRole":{"role":"ADMIN"}},{"createdAt":"2026-01-30T09:04:50.000Z","email":"jared@example.com","fullName":"Jared Too","id":"27724add-6836-4c09-b222-3b215117277d","profile":{"avatarUrl":"https://example.com/avatars/jared.png","id":"bf2e8534-95fc-49f1-b8ee-92cca704f1c1","phone":"+254700123456"},"updatedAt":"2026-01-30T09:04:50.000Z","userRole":{"role":"STAFF"}},{"createdAt":"2026-01-26T06:57:19.000Z","email":"homer@mail.com","fullName":"Homer J Simpson","id":"3a7a9afd-7165-428d-801e-2bb54a3c20d1","profile":null,"updatedAt":"2026-01-29T19:14:22.000Z","userRole":null},{"createdAt":"2026-01-30T11:54:50.000Z","email":"Mark12@example.com","fullName":"Mark2 Mark2","id":"50e48ffb-367a-4baf-8e72-243fa3a4bd3b","profile":{"avatarUrl":"https://example.com/avatars/jared.png","id":"79fdaa22-e9a5-49c0-91ee-e337c20f2a81","phone":"+254700123456"},"updatedAt":"2026-01-30T11:54:50.000Z","userRole":null},{"createdAt":"2026-01-29T18:15:36.000Z","email":"Jona.doe@example.com","fullName":"Jona Doe","id":"b7bcb364-f693-4d2e-a0da-909e1f267f39","profile":{"avatarUrl":"https://example.com/avatars/jane.png","id":"eb897875-f1cd-4305-b510-872145f9b300","phone":"+254700123456"},"updatedAt":"2026-01-29T18:15:36.000Z","userRole":null},{"createdAt":"2026-01-29T18:45:24.000Z","email":"marydoe@example.com","fullName":"Mary James Doe","id":"ba206780-846e-40c4-8736-2f76ffb57a3f","profile":{"avatarUrl":"https://example.com/avatars/homer.png","id":"7afdbae5-6290-4467-90f0-3f217b6a47b1","phone":"+254700123456"},"updatedAt":"2026-01-29T19:13:14.000Z","userRole":null},{"createdAt":"2026-01-27T08:56:58.000Z","email":"jdoe@mail.com","fullName":"John Doe","id":"cd12f06a-5ba8-4820-be08-21de5e0f44c0","profile":null,"updatedAt":"2026-01-27T08:56:58.000Z","userRole":null},{"createdAt":"2026-01-29T18:13:22.000Z","email":"nana.doe@example.com","fullName":"Nana Doe","id":"d06af2a9-3a9a-4753-afc6-d5448bd0cdbf","profile":{"avatarUrl":"https://example.com/avatars/jane.png","id":"1588d70d-d0a2-43f6-9bf9-7fe1ec260983","phone":"+254700123456"},"updatedAt":"2026-01-29T18:13:22.000Z","userRole":null},{"createdAt":"2026-01-30T11:38:24.000Z","email":"Johny.English@example.com","fullName":"Johny.English","id":"eed918e3-e9ee-49c3-a03d-753409900002","profile":{"avatarUrl":"https://example.com/avatars/jared.png","id":"da0973dd-0c15-4b11-b072-7bd4a6dacd11","phone":"+254700123456"},"updatedAt":"2026-01-30T11:38:24.000Z","userRole":{"role":"ADMIN"}},{"createdAt":"2026-01-29T18:08:13.000Z","email":"jane.doe@example.com","fullName":"Jane Doe","id":"f6e5b2d2-14f2-433d-8a88-e2b2a970b64a","profile":{"avatarUrl":"https://example.com/avatars/jane.png","id":"5273ea09-89db-4a36-9283-65799f4dd1ab","phone":"+254700123456"},"updatedAt":"2026-01-29T18:08:13.000Z","userRole":null}],"message":"Users found","responseId":"6cbdae7a-b780-43dd-a680-c466c7683385","status":200,"timestamp":"11-03-2026 12:10:47"} |TimeTaken(ms)=50 |SourceIP=0:0:0:0:0:0:0:1 |RemotePort=48994 |ServerName=localhost |RemoteHost=0:0:0:0:0:0:0:1
2026-03-11T12:12:01.817+03:00  INFO 16777 --- [user-service] [SpringApplicationShutdownHook] o.s.boot.tomcat.GracefulShutdown         : Commencing graceful shutdown. Waiting for active requests to complete
2026-03-11T12:12:01.820+03:00  INFO 16777 --- [user-service] [tomcat-shutdown] o.s.boot.tomcat.GracefulShutdown         : Graceful shutdown complete
2026-03-11T12:12:01.823+03:00  INFO 16777 --- [user-service] [SpringApplicationShutdownHook] j.LocalContainerEntityManagerFactoryBean : Closing JPA EntityManagerFactory for persistence unit 'default'
2026-03-11T12:12:01.825+03:00  INFO 16777 --- [user-service] [SpringApplicationShutdownHook] com.zaxxer.hikari.HikariDataSource       : HikariPool-1 - Shutdown initiated...
2026-03-11T12:12:01.832+03:00  INFO 16777 --- [user-service] [SpringApplicationShutdownHook] com.zaxxer.hikari.HikariDataSource       : HikariPool-1 - Shutdown completed.
2026-03-11T13:56:05.159+03:00  INFO 22862 --- [user-service] [main] c.k.t.UserServiceApplication             : Starting UserServiceApplication using Java 17.0.16 with PID 22862 (/home/ba/IdeaProjects/tour-user-service/target/classes started by ba in /home/ba/IdeaProjects/tour-user-service)
2026-03-11T13:56:05.163+03:00  INFO 22862 --- [user-service] [main] c.k.t.UserServiceApplication             : No active profile set, falling back to 1 default profile: "default"
2026-03-11T13:56:05.801+03:00  INFO 22862 --- [user-service] [main] .s.d.r.c.RepositoryConfigurationDelegate : Bootstrapping Spring Data JPA repositories in DEFAULT mode.
2026-03-11T13:56:05.841+03:00  INFO 22862 --- [user-service] [main] .s.d.r.c.RepositoryConfigurationDelegate : Finished Spring Data repository scanning in 32 ms. Found 1 JPA repository interface.
2026-03-11T13:56:06.255+03:00  INFO 22862 --- [user-service] [main] o.s.boot.tomcat.TomcatWebServer          : Tomcat initialized with port 9193 (http)
2026-03-11T13:56:06.266+03:00  INFO 22862 --- [user-service] [main] o.apache.catalina.core.StandardService   : Starting service [Tomcat]
2026-03-11T13:56:06.266+03:00  INFO 22862 --- [user-service] [main] o.apache.catalina.core.StandardEngine    : Starting Servlet engine: [Apache Tomcat/11.0.18]
2026-03-11T13:56:06.303+03:00  INFO 22862 --- [user-service] [main] b.w.c.s.WebApplicationContextInitializer : Root WebApplicationContext: initialization completed in 1073 ms
2026-03-11T13:56:06.497+03:00  INFO 22862 --- [user-service] [main] com.zaxxer.hikari.HikariDataSource       : HikariPool-1 - Starting...
2026-03-11T13:56:06.741+03:00  INFO 22862 --- [user-service] [main] com.zaxxer.hikari.pool.HikariPool        : HikariPool-1 - Added connection com.mysql.cj.jdbc.ConnectionImpl@60807fd9
2026-03-11T13:56:06.742+03:00  INFO 22862 --- [user-service] [main] com.zaxxer.hikari.HikariDataSource       : HikariPool-1 - Start completed.
2026-03-11T13:56:06.761+03:00  INFO 22862 --- [user-service] [main] org.hibernate.orm.jpa                    : HHH008540: Processing PersistenceUnitInfo [name: default]
2026-03-11T13:56:06.798+03:00  INFO 22862 --- [user-service] [main] org.hibernate.orm.core                   : HHH000001: Hibernate ORM core version 7.2.4.Final
2026-03-11T13:56:07.152+03:00  INFO 22862 --- [user-service] [main] o.s.o.j.p.SpringPersistenceUnitInfo      : No LoadTimeWeaver setup: ignoring JPA class transformer
2026-03-11T13:56:07.236+03:00  INFO 22862 --- [user-service] [main] org.hibernate.orm.connections.pooling    : HHH10001005: Database info:
	Database JDBC URL [jdbc:mysql://localhost:3306/kendirita]
	Database driver: MySQL Connector/J
	Database dialect: MySQLDialect
	Database version: 8.0.45
	Default catalog/schema: kendirita/undefined
	Autocommit mode: undefined/unknown
	Isolation level: REPEATABLE_READ [default REPEATABLE_READ]
	JDBC fetch size: none
	Pool: DataSourceConnectionProvider
	Minimum pool size: undefined/unknown
	Maximum pool size: undefined/unknown
2026-03-11T13:56:07.932+03:00  INFO 22862 --- [user-service] [main] org.hibernate.orm.core                   : HHH000489: No JTA platform available (set 'hibernate.transaction.jta.platform' to enable JTA platform integration)
2026-03-11T13:56:07.937+03:00  INFO 22862 --- [user-service] [main] j.LocalContainerEntityManagerFactoryBean : Initialized JPA EntityManagerFactory for persistence unit 'default'
2026-03-11T13:56:08.003+03:00  INFO 22862 --- [user-service] [main] o.s.d.j.r.query.QueryEnhancerFactories   : Hibernate is in classpath; If applicable, HQL parser will be used.
2026-03-11T13:56:08.230+03:00  WARN 22862 --- [user-service] [main] JpaBaseConfiguration$JpaWebConfiguration : spring.jpa.open-in-view is enabled by default. Therefore, database queries may be performed during view rendering. Explicitly configure spring.jpa.open-in-view to disable this warning
2026-03-11T13:56:08.564+03:00  INFO 22862 --- [user-service] [main] o.s.b.a.e.web.EndpointLinksResolver      : Exposing 1 endpoint beneath base path '/actuator'
2026-03-11T13:56:08.625+03:00  INFO 22862 --- [user-service] [main] o.s.boot.tomcat.TomcatWebServer          : Tomcat started on port 9193 (http) with context path '/'
2026-03-11T13:56:08.633+03:00  INFO 22862 --- [user-service] [main] c.k.t.UserServiceApplication             : Started UserServiceApplication in 3.974 seconds (process running for 4.314)
2026-03-11T13:56:13.199+03:00  INFO 22862 --- [user-service] [http-nio-9193-exec-1] o.a.c.c.C.[Tomcat].[localhost].[/]       : Initializing Spring DispatcherServlet 'dispatcherServlet'
2026-03-11T13:56:13.199+03:00  INFO 22862 --- [user-service] [http-nio-9193-exec-1] o.s.web.servlet.DispatcherServlet        : Initializing Servlet 'dispatcherServlet'
2026-03-11T13:56:13.200+03:00  INFO 22862 --- [user-service] [http-nio-9193-exec-1] o.s.web.servlet.DispatcherServlet        : Completed initialization in 1 ms
2026-03-11T13:56:13.530+03:00  INFO 22862 --- [user-service] [http-nio-9193-exec-1] c.k.t.logging.LoggingFilter              : REQUEST::|logId=abaa52c2-d8fc-450c-96a5-fc0d391c0aac |Method=GET |RequestURI=/v2/tour/users |User-Agent=PostmanRuntime/7.49.1 |OS=Unknown, More-Info: PostmanRuntime/7.49.1 |RequestBody= |ResponseCode=200 |ResponseBody={"data":[{"createdAt":"2026-01-30T11:55:16.000Z","email":"Mark123@example.com","fullName":"Mark23 Mark23","id":"04e87fc1-1207-40f5-9574-4d632819c762","profile":{"avatarUrl":"https://example.com/avatars/jared.png","id":"f4488c61-1ac2-40a8-aa2c-86581f4b417f","phone":"+254700123456"},"updatedAt":"2026-01-30T11:55:16.000Z","userRole":{"role":"ADMIN"}},{"createdAt":"2026-01-30T09:04:50.000Z","email":"jared@example.com","fullName":"Jared Too","id":"27724add-6836-4c09-b222-3b215117277d","profile":{"avatarUrl":"https://example.com/avatars/jared.png","id":"bf2e8534-95fc-49f1-b8ee-92cca704f1c1","phone":"+254700123456"},"updatedAt":"2026-01-30T09:04:50.000Z","userRole":{"role":"STAFF"}},{"createdAt":"2026-01-26T06:57:19.000Z","email":"homer@mail.com","fullName":"Homer J Simpson","id":"3a7a9afd-7165-428d-801e-2bb54a3c20d1","profile":null,"updatedAt":"2026-01-29T19:14:22.000Z","userRole":null},{"createdAt":"2026-01-30T11:54:50.000Z","email":"Mark12@example.com","fullName":"Mark2 Mark2","id":"50e48ffb-367a-4baf-8e72-243fa3a4bd3b","profile":{"avatarUrl":"https://example.com/avatars/jared.png","id":"79fdaa22-e9a5-49c0-91ee-e337c20f2a81","phone":"+254700123456"},"updatedAt":"2026-01-30T11:54:50.000Z","userRole":null},{"createdAt":"2026-01-29T18:15:36.000Z","email":"Jona.doe@example.com","fullName":"Jona Doe","id":"b7bcb364-f693-4d2e-a0da-909e1f267f39","profile":{"avatarUrl":"https://example.com/avatars/jane.png","id":"eb897875-f1cd-4305-b510-872145f9b300","phone":"+254700123456"},"updatedAt":"2026-01-29T18:15:36.000Z","userRole":null},{"createdAt":"2026-01-29T18:45:24.000Z","email":"marydoe@example.com","fullName":"Mary James Doe","id":"ba206780-846e-40c4-8736-2f76ffb57a3f","profile":{"avatarUrl":"https://example.com/avatars/homer.png","id":"7afdbae5-6290-4467-90f0-3f217b6a47b1","phone":"+254700123456"},"updatedAt":"2026-01-29T19:13:14.000Z","userRole":null},{"createdAt":"2026-01-27T08:56:58.000Z","email":"jdoe@mail.com","fullName":"John Doe","id":"cd12f06a-5ba8-4820-be08-21de5e0f44c0","profile":null,"updatedAt":"2026-01-27T08:56:58.000Z","userRole":null},{"createdAt":"2026-01-29T18:13:22.000Z","email":"nana.doe@example.com","fullName":"Nana Doe","id":"d06af2a9-3a9a-4753-afc6-d5448bd0cdbf","profile":{"avatarUrl":"https://example.com/avatars/jane.png","id":"1588d70d-d0a2-43f6-9bf9-7fe1ec260983","phone":"+254700123456"},"updatedAt":"2026-01-29T18:13:22.000Z","userRole":null},{"createdAt":"2026-01-30T11:38:24.000Z","email":"Johny.English@example.com","fullName":"Johny.English","id":"eed918e3-e9ee-49c3-a03d-753409900002","profile":{"avatarUrl":"https://example.com/avatars/jared.png","id":"da0973dd-0c15-4b11-b072-7bd4a6dacd11","phone":"+254700123456"},"updatedAt":"2026-01-30T11:38:24.000Z","userRole":{"role":"ADMIN"}},{"createdAt":"2026-01-29T18:08:13.000Z","email":"jane.doe@example.com","fullName":"Jane Doe","id":"f6e5b2d2-14f2-433d-8a88-e2b2a970b64a","profile":{"avatarUrl":"https://example.com/avatars/jane.png","id":"5273ea09-89db-4a36-9283-65799f4dd1ab","phone":"+254700123456"},"updatedAt":"2026-01-29T18:08:13.000Z","userRole":null}],"message":"Users found","responseId":"c3ab67da-f926-4e31-bfe5-7144d83947e2","status":200,"timestamp":"11-03-2026 13:56:13"} |TimeTaken(ms)=305 |SourceIP=0:0:0:0:0:0:0:1 |RemotePort=49166 |ServerName=localhost |RemoteHost=0:0:0:0:0:0:0:1
2026-03-11T13:57:26.487+03:00  INFO 22862 --- [user-service] [SpringApplicationShutdownHook] o.s.boot.tomcat.GracefulShutdown         : Commencing graceful shutdown. Waiting for active requests to complete
2026-03-11T13:57:26.489+03:00  INFO 22862 --- [user-service] [tomcat-shutdown] o.s.boot.tomcat.GracefulShutdown         : Graceful shutdown complete
2026-03-11T13:57:26.493+03:00  INFO 22862 --- [user-service] [SpringApplicationShutdownHook] j.LocalContainerEntityManagerFactoryBean : Closing JPA EntityManagerFactory for persistence unit 'default'
2026-03-11T13:57:26.495+03:00  INFO 22862 --- [user-service] [SpringApplicationShutdownHook] com.zaxxer.hikari.HikariDataSource       : HikariPool-1 - Shutdown initiated...
2026-03-11T13:57:26.502+03:00  INFO 22862 --- [user-service] [SpringApplicationShutdownHook] com.zaxxer.hikari.HikariDataSource       : HikariPool-1 - Shutdown completed.
